TN:
SF:src\data\postgres\index.ts
FNF:0
FNH:0
DA:1,1
DA:2,1
DA:3,1
DA:4,1
LF:4
LH:4
BRF:0
BRH:0
end_of_record
TN:
SF:src\domain\errors\custom.error.ts
FN:4,CustomError
FNF:1
FNH:1
FNDA:3,CustomError
DA:1,1
DA:2,1
DA:3,1
DA:4,1
DA:5,3
DA:6,3
DA:7,3
DA:8,3
DA:9,3
DA:10,1
LF:10
LH:10
BRDA:4,0,0,3
BRF:1
BRH:1
end_of_record
TN:
SF:src\infrastructure\datasource\todo.datasource.imple.ts
FN:9,create
FN:15,getAll
FN:22,findById
FN:31,updateById
FN:39,deleteById
FNF:5
FNH:5
FNDA:1,create
FNDA:1,getAll
FNDA:8,findById
FNDA:4,updateById
FNDA:2,deleteById
DA:1,1
DA:2,1
DA:3,1
DA:4,1
DA:5,1
DA:6,1
DA:7,1
DA:8,1
DA:9,1
DA:10,1
DA:11,1
DA:12,1
DA:13,1
DA:14,1
DA:15,1
DA:16,1
DA:17,1
DA:18,1
DA:19,1
DA:20,1
DA:21,1
DA:22,1
DA:23,8
DA:24,8
DA:25,8
DA:26,8
DA:27,5
DA:28,5
DA:29,5
DA:30,1
DA:31,1
DA:32,4
DA:33,3
DA:34,3
DA:35,3
DA:36,3
DA:37,3
DA:38,3
DA:39,1
DA:40,2
DA:41,1
DA:42,1
DA:43,1
DA:44,1
DA:45,1
DA:46,1
DA:47,1
DA:48,1
DA:49,1
LF:49
LH:49
BRDA:9,0,0,1
BRDA:15,1,0,1
BRDA:18,2,0,2
BRDA:22,3,0,8
BRDA:26,4,0,3
BRDA:27,5,0,5
BRDA:31,6,0,4
BRDA:33,7,0,3
BRDA:39,8,0,2
BRDA:41,9,0,1
BRF:10
BRH:10
end_of_record
TN:
SF:src\presentation\todos\controller.ts
FN:17,TodosController
FN:21,TodosController.handleError
FN:31,TodosController.getTodos
FN:39,TodosController.getTodoById
FN:47,TodosController.createTodo
FN:60,TodosController.updateTodo
FN:75,TodosController.deteleTodo
FNF:7
FNH:7
FNDA:2,TodosController
FNDA:3,TodosController.handleError
FNDA:1,TodosController.getTodos
FNDA:2,TodosController.getTodoById
FNDA:3,TodosController.createTodo
FNDA:4,TodosController.updateTodo
FNDA:2,TodosController.deteleTodo
DA:1,1
DA:2,1
DA:3,1
DA:4,1
DA:5,1
DA:6,1
DA:7,1
DA:8,1
DA:9,1
DA:10,1
DA:11,1
DA:12,1
DA:13,1
DA:14,1
DA:15,1
DA:16,1
DA:17,1
DA:18,2
DA:19,2
DA:20,1
DA:21,1
DA:22,3
DA:23,3
DA:24,3
DA:25,3
DA:26,0
DA:27,0
DA:28,0
DA:29,1
DA:30,1
DA:31,1
DA:32,1
DA:33,1
DA:34,1
DA:35,1
DA:36,1
DA:37,1
DA:38,1
DA:39,1
DA:40,2
DA:41,2
DA:42,2
DA:43,2
DA:44,2
DA:45,2
DA:46,1
DA:47,1
DA:48,3
DA:49,3
DA:50,1
DA:51,1
DA:52,1
DA:53,1
DA:54,1
DA:55,1
DA:56,1
DA:57,1
DA:58,1
DA:59,1
DA:60,1
DA:61,4
DA:62,4
DA:63,4
DA:64,4
DA:65,4
DA:66,4
DA:67,4
DA:68,4
DA:69,4
DA:70,4
DA:71,4
DA:72,4
DA:73,4
DA:74,1
DA:75,1
DA:76,2
DA:77,2
DA:78,2
DA:79,2
DA:80,2
DA:81,2
DA:82,2
DA:83,2
DA:84,2
DA:85,1
DA:86,1
DA:87,1
DA:88,1
DA:89,1
DA:90,1
LF:90
LH:87
BRDA:17,0,0,2
BRDA:21,1,0,3
BRDA:26,2,0,0
BRDA:31,3,0,1
BRDA:34,4,0,1
BRDA:39,5,0,2
BRDA:43,6,0,1
BRDA:44,7,0,1
BRDA:47,8,0,3
BRDA:49,9,0,2
BRDA:50,10,0,1
BRDA:53,11,0,1
BRDA:60,12,0,4
BRDA:66,13,0,0
BRDA:70,14,0,3
BRDA:71,15,0,1
BRDA:75,16,0,2
BRDA:80,17,0,1
BRDA:81,18,0,1
BRF:19
BRH:17
end_of_record
